[ INFO ] [2019-09-16 17:49:25] com.chaos.app.Application [48] - Starting Application on USER-20170815QH with PID 18168 (D:\myProjects\chaos-springboot\chaos3583\chaos-web\target\classes started by Administrator in D:\myProjects\chaos-springboot\chaos3583)
[ INFO ] [2019-09-16 17:49:25] com.chaos.app.Application [593] - No active profile set, falling back to default profiles: default
[ INFO ] [2019-09-16 17:49:25] org.springframework.boot.context.embedded.AnnotationConfigEmbeddedWebApplicationContext [583] - Refreshing org.springframework.boot.context.embedded.AnnotationConfigEmbeddedWebApplicationContext@59cba5a: startup date [Mon Sep 16 17:49:25 CST 2019]; root of context hierarchy
[ INFO ] [2019-09-16 17:49:26] org.hibernate.validator.internal.util.Version [30] - HV000001: Hibernate Validator 5.3.5.Final
[ INFO ] [2019-09-16 17:49:27] org.springframework.beans.factory.support.DefaultListableBeanFactory [828] - Overriding bean definition for bean 'dataSource' with a different definition: replacing [Root bean: class [null]; scope=; abstract=false; lazyInit=false; autowireMode=3; dependencyCheck=0; autowireCandidate=true; primary=true; factoryBeanName=druidDBConfig; factoryMethodName=dataSource; initMethodName=null; destroyMethodName=(inferred); defined in class path resource [com/chaos/configuration/DruidDBConfig.class]] with [Root bean: class [null]; scope=; abstract=false; lazyInit=false; autowireMode=3; dependencyCheck=0; autowireCandidate=true; primary=false; factoryBeanName=myBatisConfig; factoryMethodName=dataSource; initMethodName=null; destroyMethodName=(inferred); defined in class path resource [com/chaos/dao/config/MyBatisConfig.class]]
[ WARN ] [2019-09-16 17:49:27] org.mybatis.spring.mapper.ClassPathMapperScanner [226] - Skipping MapperFactoryBean with name 'memberMapper' and 'com.chaos.dao.mapper.MemberMapper' mapperInterface. Bean already defined with the same name!
[ WARN ] [2019-09-16 17:49:28] org.mybatis.spring.mapper.ClassPathMapperScanner [226] - Skipping MapperFactoryBean with name 'userMapper' and 'com.chaos.dao.mapper.UserMapper' mapperInterface. Bean already defined with the same name!
[ INFO ] [2019-09-16 17:49:28] org.springframework.data.repository.config.RepositoryConfigurationDelegate [165] - Multiple Spring Data modules found, entering strict repository configuration mode!
[ INFO ] [2019-09-16 17:49:29] org.springframework.context.support.PostProcessorRegistrationDelegate$BeanPostProcessorChecker [325] - Bean 'myBatisConfig' of type [com.chaos.dao.config.MyBatisConfig$$EnhancerBySpringCGLIB$$9a855884] is not eligible for getting processed by all BeanPostProcessors (for example: not eligible for auto-proxying)
[ INFO ] [2019-09-16 17:49:29] org.springframework.context.support.PostProcessorRegistrationDelegate$BeanPostProcessorChecker [325] - Bean 'dataSource' of type [org.apache.tomcat.jdbc.pool.DataSource] is not eligible for getting processed by all BeanPostProcessors (for example: not eligible for auto-proxying)
[ INFO ] [2019-09-16 17:49:29] org.springframework.context.support.PostProcessorRegistrationDelegate$BeanPostProcessorChecker [325] - Bean 'sqlSessionFactory' of type [org.apache.ibatis.session.defaults.DefaultSqlSessionFactory] is not eligible for getting processed by all BeanPostProcessors (for example: not eligible for auto-proxying)
[ INFO ] [2019-09-16 17:49:29] org.springframework.context.support.PostProcessorRegistrationDelegate$BeanPostProcessorChecker [325] - Bean 'excelField' of type [org.mybatis.spring.mapper.MapperFactoryBean] is not eligible for getting processed by all BeanPostProcessors (for example: not eligible for auto-proxying)
[ INFO ] [2019-09-16 17:49:29] org.springframework.context.support.PostProcessorRegistrationDelegate$BeanPostProcessorChecker [325] - Bean 'dateTimes.DateTimeProvider' of type [org.mybatis.spring.mapper.MapperFactoryBean] is not eligible for getting processed by all BeanPostProcessors (for example: not eligible for auto-proxying)
[ INFO ] [2019-09-16 17:49:29] org.springframework.context.support.PostProcessorRegistrationDelegate$BeanPostProcessorChecker [325] - Bean 'userService' of type [org.mybatis.spring.mapper.MapperFactoryBean] is not eligible for getting processed by all BeanPostProcessors (for example: not eligible for auto-proxying)
[ INFO ] [2019-09-16 17:49:29] org.springframework.context.support.PostProcessorRegistrationDelegate$BeanPostProcessorChecker [325] - Bean 'memberService' of type [org.mybatis.spring.mapper.MapperFactoryBean] is not eligible for getting processed by all BeanPostProcessors (for example: not eligible for auto-proxying)
[ INFO ] [2019-09-16 17:49:29] org.springframework.context.support.PostProcessorRegistrationDelegate$BeanPostProcessorChecker [325] - Bean 'userMapper' of type [org.mybatis.spring.mapper.MapperFactoryBean] is not eligible for getting processed by all BeanPostProcessors (for example: not eligible for auto-proxying)
[ INFO ] [2019-09-16 17:49:29] org.springframework.context.support.PostProcessorRegistrationDelegate$BeanPostProcessorChecker [325] - Bean 'memberMapper' of type [org.mybatis.spring.mapper.MapperFactoryBean] is not eligible for getting processed by all BeanPostProcessors (for example: not eligible for auto-proxying)
[ INFO ] [2019-09-16 17:49:29] org.springframework.context.support.PostProcessorRegistrationDelegate$BeanPostProcessorChecker [325] - Bean 'org.springframework.amqp.rabbit.annotation.RabbitBootstrapConfiguration' of type [org.springframework.amqp.rabbit.annotation.RabbitBootstrapConfiguration$$EnhancerBySpringCGLIB$$cff8bcad] is not eligible for getting processed by all BeanPostProcessors (for example: not eligible for auto-proxying)
[ INFO ] [2019-09-16 17:49:31] org.springframework.boot.context.embedded.tomcat.TomcatEmbeddedServletContainer [89] - Tomcat initialized with port(s): 8222 (http)
[ INFO ] [2019-09-16 17:49:31] org.apache.catalina.core.StandardService [179] - Starting service [Tomcat]
[ INFO ] [2019-09-16 17:49:31] org.apache.catalina.core.StandardEngine [179] - Starting Servlet Engine: Apache Tomcat/8.5.16
[ INFO ] [2019-09-16 17:49:31] org.apache.catalina.core.ContainerBase.[Tomcat].[localhost].[/] [179] - Initializing Spring embedded WebApplicationContext
[ INFO ] [2019-09-16 17:49:31] org.springframework.web.context.ContextLoader [276] - Root WebApplicationContext: initialization completed in 5987 ms
[ INFO ] [2019-09-16 17:49:31] org.springframework.boot.web.servlet.ServletRegistrationBean [190] - Mapping servlet: 'dispatcherServlet' to [/]
[ INFO ] [2019-09-16 17:49:31] org.springframework.boot.web.servlet.FilterRegistrationBean [258] - Mapping filter: 'characterEncodingFilter' to: [/*]
[ INFO ] [2019-09-16 17:49:31] org.springframework.boot.web.servlet.FilterRegistrationBean [258] - Mapping filter: 'hiddenHttpMethodFilter' to: [/*]
[ INFO ] [2019-09-16 17:49:31] org.springframework.boot.web.servlet.FilterRegistrationBean [258] - Mapping filter: 'httpPutFormContentFilter' to: [/*]
[ INFO ] [2019-09-16 17:49:31] org.springframework.boot.web.servlet.FilterRegistrationBean [258] - Mapping filter: 'requestContextFilter' to: [/*]
[ INFO ] [2019-09-16 17:49:31] org.springframework.boot.web.servlet.FilterRegistrationBean [258] - Mapping filter: 'corsFilter' to: [/*]
[ INFO ] [2019-09-16 17:49:32] org.springframework.web.servlet.mvc.method.annotation.RequestMappingHandlerAdapter [534] - Looking for @ControllerAdvice: org.springframework.boot.context.embedded.AnnotationConfigEmbeddedWebApplicationContext@59cba5a: startup date [Mon Sep 16 17:49:25 CST 2019]; root of context hierarchy
[ INFO ] [2019-09-16 17:49:33] org.springframework.web.servlet.mvc.method.annotation.RequestMappingHandlerMapping [543] - Mapped "{[/chaos/index]}" onto public org.springframework.web.servlet.ModelAndView com.chaos.controller.IndexController.findMemberByMemberId() throws java.lang.Exception
[ INFO ] [2019-09-16 17:49:33] org.springframework.web.servlet.mvc.method.annotation.RequestMappingHandlerMapping [543] - Mapped "{[/chaos/toImgJcrop]}" onto public org.springframework.web.servlet.ModelAndView com.chaos.controller.IndexController.toImgJcrop() throws java.lang.Exception
[ INFO ] [2019-09-16 17:49:33] org.springframework.web.servlet.mvc.method.annotation.RequestMappingHandlerMapping [543] - Mapped "{[/chaos/downModel]}" onto public java.lang.String com.chaos.controller.IndexController.downModel(javax.servlet.http.HttpServletRequest,javax.servlet.http.HttpServletResponse)
[ INFO ] [2019-09-16 17:49:33] org.springframework.web.servlet.mvc.method.annotation.RequestMappingHandlerMapping [543] - Mapped "{[/chaos/baojing]}" onto public void com.chaos.controller.IndexController.baojing()
[ INFO ] [2019-09-16 17:49:33] org.springframework.web.servlet.mvc.method.annotation.RequestMappingHandlerMapping [543] - Mapped "{[/member/export]}" onto public void com.chaos.controller.MemberController.export(javax.servlet.http.HttpServletRequest,javax.servlet.http.HttpServletResponse) throws java.lang.Exception
[ INFO ] [2019-09-16 17:49:33] org.springframework.web.servlet.mvc.method.annotation.RequestMappingHandlerMapping [543] - Mapped "{[/]}" onto public org.springframework.web.servlet.ModelAndView com.chaos.controller.UserController.findMemberByMemberId() throws java.lang.Exception
[ INFO ] [2019-09-16 17:49:33] org.springframework.web.servlet.mvc.method.annotation.RequestMappingHandlerMapping [543] - Mapped "{[/ftlIndex]}" onto public java.lang.String com.chaos.controller.UserController.ftlIdex()
[ INFO ] [2019-09-16 17:49:33] org.springframework.web.servlet.mvc.method.annotation.RequestMappingHandlerMapping [543] - Mapped "{[/login]}" onto public java.lang.Integer com.chaos.controller.UserController.login(javax.servlet.http.HttpSession,com.chaos.model.User)
[ INFO ] [2019-09-16 17:49:33] org.springframework.web.servlet.mvc.method.annotation.RequestMappingHandlerMapping [543] - Mapped "{[/error]}" onto public org.springframework.http.ResponseEntity<java.util.Map<java.lang.String, java.lang.Object>> org.springframework.boot.autoconfigure.web.BasicErrorController.error(javax.servlet.http.HttpServletRequest)
[ INFO ] [2019-09-16 17:49:33] org.springframework.web.servlet.mvc.method.annotation.RequestMappingHandlerMapping [543] - Mapped "{[/error],produces=[text/html]}" onto public org.springframework.web.servlet.ModelAndView org.springframework.boot.autoconfigure.web.BasicErrorController.errorHtml(javax.servlet.http.HttpServletRequest,javax.servlet.http.HttpServletResponse)
[ INFO ] [2019-09-16 17:49:33] org.springframework.web.servlet.handler.SimpleUrlHandlerMapping [362] - Mapped URL path [/webjars/**] onto handler of type [class org.springframework.web.servlet.resource.ResourceHttpRequestHandler]
[ INFO ] [2019-09-16 17:49:33] org.springframework.web.servlet.handler.SimpleUrlHandlerMapping [362] - Mapped URL path [/**] onto handler of type [class org.springframework.web.servlet.resource.ResourceHttpRequestHandler]
[ INFO ] [2019-09-16 17:49:33] org.springframework.web.servlet.handler.SimpleUrlHandlerMapping [362] - Mapped URL path [/**/favicon.ico] onto handler of type [class org.springframework.web.servlet.resource.ResourceHttpRequestHandler]
[ INFO ] [2019-09-16 17:49:33] org.springframework.boot.autoconfigure.web.WebMvcAutoConfiguration$WelcomePageHandlerMapping [549] - Adding welcome page: class path resource [static/index.html]
[ INFO ] [2019-09-16 17:49:34] org.springframework.web.servlet.view.freemarker.FreeMarkerConfigurer [127] - ClassTemplateLoader for Spring macros added to FreeMarker configuration
[ INFO ] [2019-09-16 17:49:34] org.springframework.jmx.export.annotation.AnnotationMBeanExporter [431] - Registering beans for JMX exposure on startup
[ INFO ] [2019-09-16 17:49:35] org.springframework.jmx.export.annotation.AnnotationMBeanExporter [916] - Bean with name 'rabbitConnectionFactory' has been autodetected for JMX exposure
[ INFO ] [2019-09-16 17:49:35] org.springframework.jmx.export.annotation.AnnotationMBeanExporter [678] - Located managed bean 'rabbitConnectionFactory': registering with JMX server as MBean [org.springframework.amqp.rabbit.connection:name=rabbitConnectionFactory,type=CachingConnectionFactory]
[ INFO ] [2019-09-16 17:49:35] org.springframework.context.support.DefaultLifecycleProcessor [343] - Starting beans in phase -2147482648
[ INFO ] [2019-09-16 17:49:35] org.springframework.context.support.DefaultLifecycleProcessor [343] - Starting beans in phase 2147483647
[ INFO ] [2019-09-16 17:49:36] org.apache.coyote.http11.Http11NioProtocol [179] - Initializing ProtocolHandler ["http-nio-8222"]
[ INFO ] [2019-09-16 17:49:36] org.apache.coyote.http11.Http11NioProtocol [179] - Starting ProtocolHandler ["http-nio-8222"]
[ INFO ] [2019-09-16 17:49:36] org.apache.tomcat.util.net.NioSelectorPool [179] - Using a shared selector for servlet write/read
[ INFO ] [2019-09-16 17:49:36] org.springframework.boot.context.embedded.tomcat.TomcatEmbeddedServletContainer [201] - Tomcat started on port(s): 8222 (http)
[ INFO ] [2019-09-16 17:49:36] com.chaos.app.Application [57] - Started Application in 12.143 seconds (JVM running for 13.65)
[ INFO ] [2019-09-16 17:49:41] org.springframework.jms.listener.DefaultMessageListenerContainer [863] - JMS message listener invoker needs to establish shared Connection
[ ERROR] [2019-09-16 17:49:42] org.springframework.jms.listener.DefaultMessageListenerContainer [947] - Could not refresh JMS Connection for destination 'aaa' - retrying using FixedBackOff{interval=5000, currentAttempts=0, maxAttempts=unlimited}. Cause: Could not connect to broker URL: tcp://127.0.0.1:61616. Reason: java.net.ConnectException: Connection refused: connect
