[ INFO ] [2019-07-15 15:33:20] com.chaos.app.Application [48] - Starting Application on USER-20170815QH with PID 5628 (D:\myProjects\chaos-springboot\chaos3583\chaos-web\target\classes started by Administrator in D:\myProjects\chaos-springboot\chaos3583)
[ INFO ] [2019-07-15 15:33:20] com.chaos.app.Application [637] - No active profile set, falling back to default profiles: default
[ INFO ] [2019-07-15 15:33:20] org.springframework.context.annotation.AnnotationConfigApplicationContext [582] - Refreshing org.springframework.context.annotation.AnnotationConfigApplicationContext@24c22fe: startup date [Mon Jul 15 15:33:20 CST 2019]; root of context hierarchy
[ INFO ] [2019-07-15 15:33:20] org.hibernate.validator.internal.util.Version [30] - HV000001: Hibernate Validator 5.3.4.Final
[ WARN ] [2019-07-15 15:33:20] org.springframework.context.annotation.AnnotationConfigApplicationContext [550] - Exception encountered during context initialization - cancelling refresh attempt: org.springframework.beans.factory.BeanDefinitionStoreException: Failed to parse configuration class [com.chaos.app.Application]; nested exception is java.lang.IllegalStateException: Failed to introspect annotated methods on class org.springframework.boot.web.support.SpringBootServletInitializer
[ ERROR] [2019-07-15 15:33:20] org.springframework.beans.factory.support.DefaultListableBeanFactory [581] - Destroy method on bean with name 'org.springframework.boot.autoconfigure.internalCachingMetadataReaderFactory' threw an exception
java.lang.IllegalStateException: ApplicationEventMulticaster not initialized - call 'refresh' before multicasting events via the context: org.springframework.context.annotation.AnnotationConfigApplicationContext@24c22fe: startup date [Mon Jul 15 15:33:20 CST 2019]; root of context hierarchy
	at org.springframework.context.support.AbstractApplicationContext.getApplicationEventMulticaster(AbstractApplicationContext.java:404)
	at org.springframework.context.support.ApplicationListenerDetector.postProcessBeforeDestruction(ApplicationListenerDetector.java:97)
	at org.springframework.beans.factory.support.DisposableBeanAdapter.destroy(DisposableBeanAdapter.java:253)
	at org.springframework.beans.factory.support.DefaultSingletonBeanRegistry.destroyBean(DefaultSingletonBeanRegistry.java:578)
	at org.springframework.beans.factory.support.DefaultSingletonBeanRegistry.destroySingleton(DefaultSingletonBeanRegistry.java:554)
	at org.springframework.beans.factory.support.DefaultListableBeanFactory.destroySingleton(DefaultListableBeanFactory.java:961)
	at org.springframework.beans.factory.support.DefaultSingletonBeanRegistry.destroySingletons(DefaultSingletonBeanRegistry.java:523)
	at org.springframework.beans.factory.support.DefaultListableBeanFactory.destroySingletons(DefaultListableBeanFactory.java:968)
	at org.springframework.context.support.AbstractApplicationContext.destroyBeans(AbstractApplicationContext.java:1033)
	at org.springframework.context.support.AbstractApplicationContext.refresh(AbstractApplicationContext.java:555)
	at org.springframework.boot.SpringApplication.refresh(SpringApplication.java:737)
	at org.springframework.boot.SpringApplication.refreshContext(SpringApplication.java:370)
	at org.springframework.boot.SpringApplication.run(SpringApplication.java:314)
	at org.springframework.boot.SpringApplication.run(SpringApplication.java:1162)
	at org.springframework.boot.SpringApplication.run(SpringApplication.java:1151)
	at com.chaos.app.Application.main(Application.java:23)
[ ERROR] [2019-07-15 15:33:20] org.springframework.boot.SpringApplication [815] - Application startup failed
org.springframework.beans.factory.BeanDefinitionStoreException: Failed to parse configuration class [com.chaos.app.Application]; nested exception is java.lang.IllegalStateException: Failed to introspect annotated methods on class org.springframework.boot.web.support.SpringBootServletInitializer
	at org.springframework.context.annotation.ConfigurationClassParser.parse(ConfigurationClassParser.java:180)
	at org.springframework.context.annotation.ConfigurationClassPostProcessor.processConfigBeanDefinitions(ConfigurationClassPostProcessor.java:308)
	at org.springframework.context.annotation.ConfigurationClassPostProcessor.postProcessBeanDefinitionRegistry(ConfigurationClassPostProcessor.java:228)
	at org.springframework.context.support.PostProcessorRegistrationDelegate.invokeBeanDefinitionRegistryPostProcessors(PostProcessorRegistrationDelegate.java:270)
	at org.springframework.context.support.PostProcessorRegistrationDelegate.invokeBeanFactoryPostProcessors(PostProcessorRegistrationDelegate.java:93)
	at org.springframework.context.support.AbstractApplicationContext.invokeBeanFactoryPostProcessors(AbstractApplicationContext.java:686)
	at org.springframework.context.support.AbstractApplicationContext.refresh(AbstractApplicationContext.java:524)
	at org.springframework.boot.SpringApplication.refresh(SpringApplication.java:737)
	at org.springframework.boot.SpringApplication.refreshContext(SpringApplication.java:370)
	at org.springframework.boot.SpringApplication.run(SpringApplication.java:314)
	at org.springframework.boot.SpringApplication.run(SpringApplication.java:1162)
	at org.springframework.boot.SpringApplication.run(SpringApplication.java:1151)
	at com.chaos.app.Application.main(Application.java:23)
Caused by: java.lang.IllegalStateException: Failed to introspect annotated methods on class org.springframework.boot.web.support.SpringBootServletInitializer
	at org.springframework.core.type.StandardAnnotationMetadata.getAnnotatedMethods(StandardAnnotationMetadata.java:163)
	at org.springframework.context.annotation.ConfigurationClassParser.retrieveBeanMethodMetadata(ConfigurationClassParser.java:374)
	at org.springframework.context.annotation.ConfigurationClassParser.doProcessConfigurationClass(ConfigurationClassParser.java:308)
	at org.springframework.context.annotation.ConfigurationClassParser.processConfigurationClass(ConfigurationClassParser.java:244)
	at org.springframework.context.annotation.ConfigurationClassParser.parse(ConfigurationClassParser.java:197)
	at org.springframework.context.annotation.ConfigurationClassParser.parse(ConfigurationClassParser.java:166)
	... 12 common frames omitted
Caused by: java.lang.NoClassDefFoundError: javax/servlet/ServletContext
	at java.lang.Class.getDeclaredMethods0(Native Method)
	at java.lang.Class.privateGetDeclaredMethods(Class.java:2701)
	at java.lang.Class.getDeclaredMethods(Class.java:1975)
	at org.springframework.core.type.StandardAnnotationMetadata.getAnnotatedMethods(StandardAnnotationMetadata.java:152)
	... 17 common frames omitted
Caused by: java.lang.ClassNotFoundException: javax.servlet.ServletContext
	at java.net.URLClassLoader.findClass(URLClassLoader.java:381)
	at java.lang.ClassLoader.loadClass(ClassLoader.java:424)
	at sun.misc.Launcher$AppClassLoader.loadClass(Launcher.java:349)
	at java.lang.ClassLoader.loadClass(ClassLoader.java:357)
	... 21 common frames omitted
[ INFO ] [2019-07-15 15:35:24] com.chaos.app.Application [48] - Starting Application on USER-20170815QH with PID 12136 (D:\myProjects\chaos-springboot\chaos3583\chaos-web\target\classes started by Administrator in D:\myProjects\chaos-springboot\chaos3583)
[ INFO ] [2019-07-15 15:35:24] com.chaos.app.Application [637] - No active profile set, falling back to default profiles: default
[ INFO ] [2019-07-15 15:35:24] org.springframework.context.annotation.AnnotationConfigApplicationContext [582] - Refreshing org.springframework.context.annotation.AnnotationConfigApplicationContext@24c22fe: startup date [Mon Jul 15 15:35:24 CST 2019]; root of context hierarchy
[ WARN ] [2019-07-15 15:35:24] org.springframework.context.annotation.AnnotationConfigApplicationContext [550] - Exception encountered during context initialization - cancelling refresh attempt: org.springframework.beans.factory.BeanDefinitionStoreException: Failed to parse configuration class [com.chaos.app.Application]; nested exception is java.lang.IllegalStateException: Failed to introspect annotated methods on class org.springframework.boot.web.support.SpringBootServletInitializer
[ ERROR] [2019-07-15 15:35:24] org.springframework.beans.factory.support.DefaultListableBeanFactory [581] - Destroy method on bean with name 'org.springframework.boot.autoconfigure.internalCachingMetadataReaderFactory' threw an exception
java.lang.IllegalStateException: ApplicationEventMulticaster not initialized - call 'refresh' before multicasting events via the context: org.springframework.context.annotation.AnnotationConfigApplicationContext@24c22fe: startup date [Mon Jul 15 15:35:24 CST 2019]; root of context hierarchy
	at org.springframework.context.support.AbstractApplicationContext.getApplicationEventMulticaster(AbstractApplicationContext.java:404)
	at org.springframework.context.support.ApplicationListenerDetector.postProcessBeforeDestruction(ApplicationListenerDetector.java:97)
	at org.springframework.beans.factory.support.DisposableBeanAdapter.destroy(DisposableBeanAdapter.java:253)
	at org.springframework.beans.factory.support.DefaultSingletonBeanRegistry.destroyBean(DefaultSingletonBeanRegistry.java:578)
	at org.springframework.beans.factory.support.DefaultSingletonBeanRegistry.destroySingleton(DefaultSingletonBeanRegistry.java:554)
	at org.springframework.beans.factory.support.DefaultListableBeanFactory.destroySingleton(DefaultListableBeanFactory.java:961)
	at org.springframework.beans.factory.support.DefaultSingletonBeanRegistry.destroySingletons(DefaultSingletonBeanRegistry.java:523)
	at org.springframework.beans.factory.support.DefaultListableBeanFactory.destroySingletons(DefaultListableBeanFactory.java:968)
	at org.springframework.context.support.AbstractApplicationContext.destroyBeans(AbstractApplicationContext.java:1033)
	at org.springframework.context.support.AbstractApplicationContext.refresh(AbstractApplicationContext.java:555)
	at org.springframework.boot.SpringApplication.refresh(SpringApplication.java:737)
	at org.springframework.boot.SpringApplication.refreshContext(SpringApplication.java:370)
	at org.springframework.boot.SpringApplication.run(SpringApplication.java:314)
	at org.springframework.boot.SpringApplication.run(SpringApplication.java:1162)
	at org.springframework.boot.SpringApplication.run(SpringApplication.java:1151)
	at com.chaos.app.Application.main(Application.java:23)
[ ERROR] [2019-07-15 15:35:24] org.springframework.boot.SpringApplication [815] - Application startup failed
org.springframework.beans.factory.BeanDefinitionStoreException: Failed to parse configuration class [com.chaos.app.Application]; nested exception is java.lang.IllegalStateException: Failed to introspect annotated methods on class org.springframework.boot.web.support.SpringBootServletInitializer
	at org.springframework.context.annotation.ConfigurationClassParser.parse(ConfigurationClassParser.java:180)
	at org.springframework.context.annotation.ConfigurationClassPostProcessor.processConfigBeanDefinitions(ConfigurationClassPostProcessor.java:308)
	at org.springframework.context.annotation.ConfigurationClassPostProcessor.postProcessBeanDefinitionRegistry(ConfigurationClassPostProcessor.java:228)
	at org.springframework.context.support.PostProcessorRegistrationDelegate.invokeBeanDefinitionRegistryPostProcessors(PostProcessorRegistrationDelegate.java:270)
	at org.springframework.context.support.PostProcessorRegistrationDelegate.invokeBeanFactoryPostProcessors(PostProcessorRegistrationDelegate.java:93)
	at org.springframework.context.support.AbstractApplicationContext.invokeBeanFactoryPostProcessors(AbstractApplicationContext.java:686)
	at org.springframework.context.support.AbstractApplicationContext.refresh(AbstractApplicationContext.java:524)
	at org.springframework.boot.SpringApplication.refresh(SpringApplication.java:737)
	at org.springframework.boot.SpringApplication.refreshContext(SpringApplication.java:370)
	at org.springframework.boot.SpringApplication.run(SpringApplication.java:314)
	at org.springframework.boot.SpringApplication.run(SpringApplication.java:1162)
	at org.springframework.boot.SpringApplication.run(SpringApplication.java:1151)
	at com.chaos.app.Application.main(Application.java:23)
Caused by: java.lang.IllegalStateException: Failed to introspect annotated methods on class org.springframework.boot.web.support.SpringBootServletInitializer
	at org.springframework.core.type.StandardAnnotationMetadata.getAnnotatedMethods(StandardAnnotationMetadata.java:163)
	at org.springframework.context.annotation.ConfigurationClassParser.retrieveBeanMethodMetadata(ConfigurationClassParser.java:374)
	at org.springframework.context.annotation.ConfigurationClassParser.doProcessConfigurationClass(ConfigurationClassParser.java:308)
	at org.springframework.context.annotation.ConfigurationClassParser.processConfigurationClass(ConfigurationClassParser.java:244)
	at org.springframework.context.annotation.ConfigurationClassParser.parse(ConfigurationClassParser.java:197)
	at org.springframework.context.annotation.ConfigurationClassParser.parse(ConfigurationClassParser.java:166)
	... 12 common frames omitted
Caused by: java.lang.NoClassDefFoundError: javax/servlet/ServletContext
	at java.lang.Class.getDeclaredMethods0(Native Method)
	at java.lang.Class.privateGetDeclaredMethods(Class.java:2701)
	at java.lang.Class.getDeclaredMethods(Class.java:1975)
	at org.springframework.core.type.StandardAnnotationMetadata.getAnnotatedMethods(StandardAnnotationMetadata.java:152)
	... 17 common frames omitted
Caused by: java.lang.ClassNotFoundException: javax.servlet.ServletContext
	at java.net.URLClassLoader.findClass(URLClassLoader.java:381)
	at java.lang.ClassLoader.loadClass(ClassLoader.java:424)
	at sun.misc.Launcher$AppClassLoader.loadClass(Launcher.java:349)
	at java.lang.ClassLoader.loadClass(ClassLoader.java:357)
	... 21 common frames omitted
[ INFO ] [2019-07-15 15:35:24] org.hibernate.validator.internal.util.Version [30] - HV000001: Hibernate Validator 5.3.4.Final
[ INFO ] [2019-07-15 15:51:57] com.chaos.app.Application [48] - Starting Application on USER-20170815QH with PID 12972 (D:\myProjects\chaos-springboot\chaos3583\chaos-web\target\classes started by Administrator in D:\myProjects\chaos-springboot\chaos3583)
[ INFO ] [2019-07-15 15:51:57] com.chaos.app.Application [637] - No active profile set, falling back to default profiles: default
[ INFO ] [2019-07-15 15:51:57] org.springframework.context.annotation.AnnotationConfigApplicationContext [582] - Refreshing org.springframework.context.annotation.AnnotationConfigApplicationContext@24c22fe: startup date [Mon Jul 15 15:51:57 CST 2019]; root of context hierarchy
[ INFO ] [2019-07-15 15:51:57] org.hibernate.validator.internal.util.Version [30] - HV000001: Hibernate Validator 5.3.4.Final
[ WARN ] [2019-07-15 15:51:57] org.springframework.context.annotation.AnnotationConfigApplicationContext [550] - Exception encountered during context initialization - cancelling refresh attempt: org.springframework.beans.factory.BeanDefinitionStoreException: Failed to parse configuration class [com.chaos.app.Application]; nested exception is java.lang.IllegalStateException: Failed to introspect annotated methods on class org.springframework.boot.web.support.SpringBootServletInitializer
[ ERROR] [2019-07-15 15:51:57] org.springframework.beans.factory.support.DefaultListableBeanFactory [581] - Destroy method on bean with name 'org.springframework.boot.autoconfigure.internalCachingMetadataReaderFactory' threw an exception
java.lang.IllegalStateException: ApplicationEventMulticaster not initialized - call 'refresh' before multicasting events via the context: org.springframework.context.annotation.AnnotationConfigApplicationContext@24c22fe: startup date [Mon Jul 15 15:51:57 CST 2019]; root of context hierarchy
	at org.springframework.context.support.AbstractApplicationContext.getApplicationEventMulticaster(AbstractApplicationContext.java:404)
	at org.springframework.context.support.ApplicationListenerDetector.postProcessBeforeDestruction(ApplicationListenerDetector.java:97)
	at org.springframework.beans.factory.support.DisposableBeanAdapter.destroy(DisposableBeanAdapter.java:253)
	at org.springframework.beans.factory.support.DefaultSingletonBeanRegistry.destroyBean(DefaultSingletonBeanRegistry.java:578)
	at org.springframework.beans.factory.support.DefaultSingletonBeanRegistry.destroySingleton(DefaultSingletonBeanRegistry.java:554)
	at org.springframework.beans.factory.support.DefaultListableBeanFactory.destroySingleton(DefaultListableBeanFactory.java:961)
	at org.springframework.beans.factory.support.DefaultSingletonBeanRegistry.destroySingletons(DefaultSingletonBeanRegistry.java:523)
	at org.springframework.beans.factory.support.DefaultListableBeanFactory.destroySingletons(DefaultListableBeanFactory.java:968)
	at org.springframework.context.support.AbstractApplicationContext.destroyBeans(AbstractApplicationContext.java:1033)
	at org.springframework.context.support.AbstractApplicationContext.refresh(AbstractApplicationContext.java:555)
	at org.springframework.boot.SpringApplication.refresh(SpringApplication.java:737)
	at org.springframework.boot.SpringApplication.refreshContext(SpringApplication.java:370)
	at org.springframework.boot.SpringApplication.run(SpringApplication.java:314)
	at org.springframework.boot.SpringApplication.run(SpringApplication.java:1162)
	at org.springframework.boot.SpringApplication.run(SpringApplication.java:1151)
	at com.chaos.app.Application.main(Application.java:23)
[ ERROR] [2019-07-15 15:51:57] org.springframework.boot.SpringApplication [815] - Application startup failed
org.springframework.beans.factory.BeanDefinitionStoreException: Failed to parse configuration class [com.chaos.app.Application]; nested exception is java.lang.IllegalStateException: Failed to introspect annotated methods on class org.springframework.boot.web.support.SpringBootServletInitializer
	at org.springframework.context.annotation.ConfigurationClassParser.parse(ConfigurationClassParser.java:180)
	at org.springframework.context.annotation.ConfigurationClassPostProcessor.processConfigBeanDefinitions(ConfigurationClassPostProcessor.java:308)
	at org.springframework.context.annotation.ConfigurationClassPostProcessor.postProcessBeanDefinitionRegistry(ConfigurationClassPostProcessor.java:228)
	at org.springframework.context.support.PostProcessorRegistrationDelegate.invokeBeanDefinitionRegistryPostProcessors(PostProcessorRegistrationDelegate.java:270)
	at org.springframework.context.support.PostProcessorRegistrationDelegate.invokeBeanFactoryPostProcessors(PostProcessorRegistrationDelegate.java:93)
	at org.springframework.context.support.AbstractApplicationContext.invokeBeanFactoryPostProcessors(AbstractApplicationContext.java:686)
	at org.springframework.context.support.AbstractApplicationContext.refresh(AbstractApplicationContext.java:524)
	at org.springframework.boot.SpringApplication.refresh(SpringApplication.java:737)
	at org.springframework.boot.SpringApplication.refreshContext(SpringApplication.java:370)
	at org.springframework.boot.SpringApplication.run(SpringApplication.java:314)
	at org.springframework.boot.SpringApplication.run(SpringApplication.java:1162)
	at org.springframework.boot.SpringApplication.run(SpringApplication.java:1151)
	at com.chaos.app.Application.main(Application.java:23)
Caused by: java.lang.IllegalStateException: Failed to introspect annotated methods on class org.springframework.boot.web.support.SpringBootServletInitializer
	at org.springframework.core.type.StandardAnnotationMetadata.getAnnotatedMethods(StandardAnnotationMetadata.java:163)
	at org.springframework.context.annotation.ConfigurationClassParser.retrieveBeanMethodMetadata(ConfigurationClassParser.java:374)
	at org.springframework.context.annotation.ConfigurationClassParser.doProcessConfigurationClass(ConfigurationClassParser.java:308)
	at org.springframework.context.annotation.ConfigurationClassParser.processConfigurationClass(ConfigurationClassParser.java:244)
	at org.springframework.context.annotation.ConfigurationClassParser.parse(ConfigurationClassParser.java:197)
	at org.springframework.context.annotation.ConfigurationClassParser.parse(ConfigurationClassParser.java:166)
	... 12 common frames omitted
Caused by: java.lang.NoClassDefFoundError: javax/servlet/ServletContext
	at java.lang.Class.getDeclaredMethods0(Native Method)
	at java.lang.Class.privateGetDeclaredMethods(Class.java:2701)
	at java.lang.Class.getDeclaredMethods(Class.java:1975)
	at org.springframework.core.type.StandardAnnotationMetadata.getAnnotatedMethods(StandardAnnotationMetadata.java:152)
	... 17 common frames omitted
Caused by: java.lang.ClassNotFoundException: javax.servlet.ServletContext
	at java.net.URLClassLoader.findClass(URLClassLoader.java:381)
	at java.lang.ClassLoader.loadClass(ClassLoader.java:424)
	at sun.misc.Launcher$AppClassLoader.loadClass(Launcher.java:349)
	at java.lang.ClassLoader.loadClass(ClassLoader.java:357)
	... 21 common frames omitted
[ INFO ] [2019-07-15 15:54:12] com.chaos.app.Application [48] - Starting Application on USER-20170815QH with PID 15564 (D:\myProjects\chaos-springboot\chaos3583\chaos-web\target\classes started by Administrator in D:\myProjects\chaos-springboot\chaos3583)
[ INFO ] [2019-07-15 15:54:12] com.chaos.app.Application [637] - No active profile set, falling back to default profiles: default
[ INFO ] [2019-07-15 15:54:12] org.springframework.boot.context.embedded.AnnotationConfigEmbeddedWebApplicationContext [582] - Refreshing org.springframework.boot.context.embedded.AnnotationConfigEmbeddedWebApplicationContext@3fa247d1: startup date [Mon Jul 15 15:54:12 CST 2019]; root of context hierarchy
[ INFO ] [2019-07-15 15:54:13] org.hibernate.validator.internal.util.Version [30] - HV000001: Hibernate Validator 5.3.4.Final
[ INFO ] [2019-07-15 15:54:13] org.springframework.beans.factory.support.DefaultListableBeanFactory [828] - Overriding bean definition for bean 'dataSource' with a different definition: replacing [Root bean: class [null]; scope=; abstract=false; lazyInit=false; autowireMode=3; dependencyCheck=0; autowireCandidate=true; primary=true; factoryBeanName=druidDBConfig; factoryMethodName=dataSource; initMethodName=null; destroyMethodName=(inferred); defined in class path resource [com/chaos/configuration/DruidDBConfig.class]] with [Root bean: class [null]; scope=; abstract=false; lazyInit=false; autowireMode=3; dependencyCheck=0; autowireCandidate=true; primary=false; factoryBeanName=myBatisConfig; factoryMethodName=dataSource; initMethodName=null; destroyMethodName=(inferred); defined in class path resource [com/chaos/dao/config/MyBatisConfig.class]]
[ WARN ] [2019-07-15 15:54:13] org.mybatis.spring.mapper.ClassPathMapperScanner [158] - No MyBatis mapper was found in '[com.shawearn.demo.persistence]' package. Please check your configuration.
[ INFO ] [2019-07-15 15:54:13] org.springframework.context.support.PostProcessorRegistrationDelegate$BeanPostProcessorChecker [325] - Bean 'myBatisConfig' of type [com.chaos.dao.config.MyBatisConfig$$EnhancerBySpringCGLIB$$7e73af99] is not eligible for getting processed by all BeanPostProcessors (for example: not eligible for auto-proxying)
[ WARN ] [2019-07-15 15:54:13] org.hibernate.validator.messageinterpolation.ParameterMessageInterpolator [28] - HV000184: ParameterMessageInterpolator has been chosen, EL interpolation will not be supported
[ INFO ] [2019-07-15 15:54:14] org.springframework.context.support.PostProcessorRegistrationDelegate$BeanPostProcessorChecker [325] - Bean 'dataSource' of type [org.apache.tomcat.jdbc.pool.DataSource] is not eligible for getting processed by all BeanPostProcessors (for example: not eligible for auto-proxying)
[ INFO ] [2019-07-15 15:54:14] org.springframework.context.support.PostProcessorRegistrationDelegate$BeanPostProcessorChecker [325] - Bean 'sqlSessionFactory' of type [org.apache.ibatis.session.defaults.DefaultSqlSessionFactory] is not eligible for getting processed by all BeanPostProcessors (for example: not eligible for auto-proxying)
[ INFO ] [2019-07-15 15:54:14] org.springframework.context.support.PostProcessorRegistrationDelegate$BeanPostProcessorChecker [325] - Bean 'memberMapper' of type [org.mybatis.spring.mapper.MapperFactoryBean] is not eligible for getting processed by all BeanPostProcessors (for example: not eligible for auto-proxying)
[ INFO ] [2019-07-15 15:54:14] org.springframework.context.support.PostProcessorRegistrationDelegate$BeanPostProcessorChecker [325] - Bean 'IUserDao' of type [org.mybatis.spring.mapper.MapperFactoryBean] is not eligible for getting processed by all BeanPostProcessors (for example: not eligible for auto-proxying)
[ WARN ] [2019-07-15 15:54:14] org.hibernate.validator.messageinterpolation.ParameterMessageInterpolator [28] - HV000184: ParameterMessageInterpolator has been chosen, EL interpolation will not be supported
[ INFO ] [2019-07-15 15:54:14] org.springframework.context.support.PostProcessorRegistrationDelegate$BeanPostProcessorChecker [325] - Bean 'org.springframework.transaction.annotation.ProxyTransactionManagementConfiguration' of type [org.springframework.transaction.annotation.ProxyTransactionManagementConfiguration$$EnhancerBySpringCGLIB$$ed7b5594] is not eligible for getting processed by all BeanPostProcessors (for example: not eligible for auto-proxying)
[ WARN ] [2019-07-15 15:54:14] org.springframework.boot.context.embedded.AnnotationConfigEmbeddedWebApplicationContext [550] - Exception encountered during context initialization - cancelling refresh attempt: org.springframework.context.ApplicationContextException: Unable to start embedded container; nested exception is org.springframework.context.ApplicationContextException: Unable to start EmbeddedWebApplicationContext due to missing EmbeddedServletContainerFactory bean.
[ ERROR] [2019-07-15 15:54:14] org.springframework.boot.SpringApplication [815] - Application startup failed
org.springframework.context.ApplicationContextException: Unable to start embedded container; nested exception is org.springframework.context.ApplicationContextException: Unable to start EmbeddedWebApplicationContext due to missing EmbeddedServletContainerFactory bean.
	at org.springframework.boot.context.embedded.EmbeddedWebApplicationContext.onRefresh(EmbeddedWebApplicationContext.java:137)
	at org.springframework.context.support.AbstractApplicationContext.refresh(AbstractApplicationContext.java:536)
	at org.springframework.boot.context.embedded.EmbeddedWebApplicationContext.refresh(EmbeddedWebApplicationContext.java:122)
	at org.springframework.boot.SpringApplication.refresh(SpringApplication.java:737)
	at org.springframework.boot.SpringApplication.refreshContext(SpringApplication.java:370)
	at org.springframework.boot.SpringApplication.run(SpringApplication.java:314)
	at org.springframework.boot.SpringApplication.run(SpringApplication.java:1162)
	at org.springframework.boot.SpringApplication.run(SpringApplication.java:1151)
	at com.chaos.app.Application.main(Application.java:23)
Caused by: org.springframework.context.ApplicationContextException: Unable to start EmbeddedWebApplicationContext due to missing EmbeddedServletContainerFactory bean.
	at org.springframework.boot.context.embedded.EmbeddedWebApplicationContext.getEmbeddedServletContainerFactory(EmbeddedWebApplicationContext.java:189)
	at org.springframework.boot.context.embedded.EmbeddedWebApplicationContext.createEmbeddedServletContainer(EmbeddedWebApplicationContext.java:162)
	at org.springframework.boot.context.embedded.EmbeddedWebApplicationContext.onRefresh(EmbeddedWebApplicationContext.java:134)
	... 8 common frames omitted
[ INFO ] [2019-07-15 15:57:28] com.chaos.app.Application [48] - Starting Application on USER-20170815QH with PID 15412 (D:\myProjects\chaos-springboot\chaos3583\chaos-web\target\classes started by Administrator in D:\myProjects\chaos-springboot\chaos3583)
[ INFO ] [2019-07-15 15:57:28] com.chaos.app.Application [637] - No active profile set, falling back to default profiles: default
[ INFO ] [2019-07-15 15:57:29] org.springframework.boot.context.embedded.AnnotationConfigEmbeddedWebApplicationContext [582] - Refreshing org.springframework.boot.context.embedded.AnnotationConfigEmbeddedWebApplicationContext@3116c353: startup date [Mon Jul 15 15:57:29 CST 2019]; root of context hierarchy
[ INFO ] [2019-07-15 15:57:29] org.hibernate.validator.internal.util.Version [30] - HV000001: Hibernate Validator 5.3.4.Final
[ INFO ] [2019-07-15 15:57:30] org.springframework.beans.factory.support.DefaultListableBeanFactory [828] - Overriding bean definition for bean 'dataSource' with a different definition: replacing [Root bean: class [null]; scope=; abstract=false; lazyInit=false; autowireMode=3; dependencyCheck=0; autowireCandidate=true; primary=true; factoryBeanName=druidDBConfig; factoryMethodName=dataSource; initMethodName=null; destroyMethodName=(inferred); defined in class path resource [com/chaos/configuration/DruidDBConfig.class]] with [Root bean: class [null]; scope=; abstract=false; lazyInit=false; autowireMode=3; dependencyCheck=0; autowireCandidate=true; primary=false; factoryBeanName=myBatisConfig; factoryMethodName=dataSource; initMethodName=null; destroyMethodName=(inferred); defined in class path resource [com/chaos/dao/config/MyBatisConfig.class]]
[ WARN ] [2019-07-15 15:57:30] org.mybatis.spring.mapper.ClassPathMapperScanner [158] - No MyBatis mapper was found in '[com.shawearn.demo.persistence]' package. Please check your configuration.
[ INFO ] [2019-07-15 15:57:30] org.springframework.context.support.PostProcessorRegistrationDelegate$BeanPostProcessorChecker [325] - Bean 'myBatisConfig' of type [com.chaos.dao.config.MyBatisConfig$$EnhancerBySpringCGLIB$$981cb9c] is not eligible for getting processed by all BeanPostProcessors (for example: not eligible for auto-proxying)
[ INFO ] [2019-07-15 15:57:31] org.springframework.context.support.PostProcessorRegistrationDelegate$BeanPostProcessorChecker [325] - Bean 'dataSource' of type [org.apache.tomcat.jdbc.pool.DataSource] is not eligible for getting processed by all BeanPostProcessors (for example: not eligible for auto-proxying)
[ INFO ] [2019-07-15 15:57:31] org.springframework.context.support.PostProcessorRegistrationDelegate$BeanPostProcessorChecker [325] - Bean 'sqlSessionFactory' of type [org.apache.ibatis.session.defaults.DefaultSqlSessionFactory] is not eligible for getting processed by all BeanPostProcessors (for example: not eligible for auto-proxying)
[ INFO ] [2019-07-15 15:57:31] org.springframework.context.support.PostProcessorRegistrationDelegate$BeanPostProcessorChecker [325] - Bean 'memberMapper' of type [org.mybatis.spring.mapper.MapperFactoryBean] is not eligible for getting processed by all BeanPostProcessors (for example: not eligible for auto-proxying)
[ INFO ] [2019-07-15 15:57:31] org.springframework.context.support.PostProcessorRegistrationDelegate$BeanPostProcessorChecker [325] - Bean 'IUserDao' of type [org.mybatis.spring.mapper.MapperFactoryBean] is not eligible for getting processed by all BeanPostProcessors (for example: not eligible for auto-proxying)
[ INFO ] [2019-07-15 15:57:31] org.springframework.context.support.PostProcessorRegistrationDelegate$BeanPostProcessorChecker [325] - Bean 'org.springframework.transaction.annotation.ProxyTransactionManagementConfiguration' of type [org.springframework.transaction.annotation.ProxyTransactionManagementConfiguration$$EnhancerBySpringCGLIB$$78897197] is not eligible for getting processed by all BeanPostProcessors (for example: not eligible for auto-proxying)
[ INFO ] [2019-07-15 15:57:31] org.springframework.boot.context.embedded.tomcat.TomcatEmbeddedServletContainer [89] - Tomcat initialized with port(s): 8222 (http)
[ INFO ] [2019-07-15 15:57:31] org.apache.catalina.core.StandardService [179] - Starting service Tomcat
[ INFO ] [2019-07-15 15:57:31] org.apache.catalina.core.StandardEngine [179] - Starting Servlet Engine: Apache Tomcat/8.5.11
[ INFO ] [2019-07-15 15:57:32] org.apache.catalina.core.ContainerBase.[Tomcat].[localhost].[/] [179] - Initializing Spring embedded WebApplicationContext
[ INFO ] [2019-07-15 15:57:32] org.springframework.web.context.ContextLoader [276] - Root WebApplicationContext: initialization completed in 3190 ms
[ INFO ] [2019-07-15 15:57:32] org.springframework.boot.web.servlet.ServletRegistrationBean [190] - Mapping servlet: 'dispatcherServlet' to [/]
[ INFO ] [2019-07-15 15:57:32] org.springframework.boot.web.servlet.FilterRegistrationBean [258] - Mapping filter: 'characterEncodingFilter' to: [/*]
[ INFO ] [2019-07-15 15:57:32] org.springframework.boot.web.servlet.FilterRegistrationBean [258] - Mapping filter: 'hiddenHttpMethodFilter' to: [/*]
[ INFO ] [2019-07-15 15:57:32] org.springframework.boot.web.servlet.FilterRegistrationBean [258] - Mapping filter: 'httpPutFormContentFilter' to: [/*]
[ INFO ] [2019-07-15 15:57:32] org.springframework.boot.web.servlet.FilterRegistrationBean [258] - Mapping filter: 'requestContextFilter' to: [/*]
[ INFO ] [2019-07-15 15:57:32] org.springframework.boot.web.servlet.FilterRegistrationBean [258] - Mapping filter: 'corsFilter' to: [/*]
[ INFO ] [2019-07-15 15:57:33] org.springframework.web.servlet.mvc.method.annotation.RequestMappingHandlerAdapter [534] - Looking for @ControllerAdvice: org.springframework.boot.context.embedded.AnnotationConfigEmbeddedWebApplicationContext@3116c353: startup date [Mon Jul 15 15:57:29 CST 2019]; root of context hierarchy
[ INFO ] [2019-07-15 15:57:33] org.springframework.web.servlet.mvc.method.annotation.RequestMappingHandlerMapping [543] - Mapped "{[/chaos/toImgJcrop]}" onto public org.springframework.web.servlet.ModelAndView com.chaos.controller.IndexController.toImgJcrop() throws java.lang.Exception
[ INFO ] [2019-07-15 15:57:33] org.springframework.web.servlet.mvc.method.annotation.RequestMappingHandlerMapping [543] - Mapped "{[/chaos/downModel]}" onto public java.lang.String com.chaos.controller.IndexController.downModel(javax.servlet.http.HttpServletRequest,javax.servlet.http.HttpServletResponse)
[ INFO ] [2019-07-15 15:57:33] org.springframework.web.servlet.mvc.method.annotation.RequestMappingHandlerMapping [543] - Mapped "{[/chaos/baojing]}" onto public void com.chaos.controller.IndexController.baojing()
[ INFO ] [2019-07-15 15:57:33] org.springframework.web.servlet.mvc.method.annotation.RequestMappingHandlerMapping [543] - Mapped "{[/chaos/index]}" onto public org.springframework.web.servlet.ModelAndView com.chaos.controller.IndexController.findMemberByMemberId() throws java.lang.Exception
[ INFO ] [2019-07-15 15:57:33] org.springframework.web.servlet.mvc.method.annotation.RequestMappingHandlerMapping [543] - Mapped "{[/member/export]}" onto public void com.chaos.controller.MemberController.export(javax.servlet.http.HttpServletRequest,javax.servlet.http.HttpServletResponse) throws java.lang.Exception
[ INFO ] [2019-07-15 15:57:33] org.springframework.web.servlet.mvc.method.annotation.RequestMappingHandlerMapping [543] - Mapped "{[/login]}" onto public java.lang.Integer com.chaos.controller.UserController.login(javax.servlet.http.HttpSession,com.chaos.model.User)
[ INFO ] [2019-07-15 15:57:33] org.springframework.web.servlet.mvc.method.annotation.RequestMappingHandlerMapping [543] - Mapped "{[/]}" onto public org.springframework.web.servlet.ModelAndView com.chaos.controller.UserController.findMemberByMemberId() throws java.lang.Exception
[ INFO ] [2019-07-15 15:57:33] org.springframework.web.servlet.mvc.method.annotation.RequestMappingHandlerMapping [543] - Mapped "{[/error]}" onto public org.springframework.http.ResponseEntity<java.util.Map<java.lang.String, java.lang.Object>> org.springframework.boot.autoconfigure.web.BasicErrorController.error(javax.servlet.http.HttpServletRequest)
[ INFO ] [2019-07-15 15:57:33] org.springframework.web.servlet.mvc.method.annotation.RequestMappingHandlerMapping [543] - Mapped "{[/error],produces=[text/html]}" onto public org.springframework.web.servlet.ModelAndView org.springframework.boot.autoconfigure.web.BasicErrorController.errorHtml(javax.servlet.http.HttpServletRequest,javax.servlet.http.HttpServletResponse)
[ INFO ] [2019-07-15 15:57:33] org.springframework.web.servlet.handler.SimpleUrlHandlerMapping [362] - Mapped URL path [/webjars/**] onto handler of type [class org.springframework.web.servlet.resource.ResourceHttpRequestHandler]
[ INFO ] [2019-07-15 15:57:33] org.springframework.web.servlet.handler.SimpleUrlHandlerMapping [362] - Mapped URL path [/**] onto handler of type [class org.springframework.web.servlet.resource.ResourceHttpRequestHandler]
[ INFO ] [2019-07-15 15:57:33] org.springframework.web.servlet.handler.SimpleUrlHandlerMapping [362] - Mapped URL path [/**/favicon.ico] onto handler of type [class org.springframework.web.servlet.resource.ResourceHttpRequestHandler]
[ INFO ] [2019-07-15 15:57:34] org.springframework.jmx.export.annotation.AnnotationMBeanExporter [431] - Registering beans for JMX exposure on startup
[ INFO ] [2019-07-15 15:57:34] org.springframework.context.support.DefaultLifecycleProcessor [343] - Starting beans in phase 2147483647
[ INFO ] [2019-07-15 15:57:35] org.apache.coyote.http11.Http11NioProtocol [179] - Initializing ProtocolHandler ["http-nio-8222"]
[ INFO ] [2019-07-15 15:57:35] org.apache.coyote.http11.Http11NioProtocol [179] - Starting ProtocolHandler [http-nio-8222]
[ INFO ] [2019-07-15 15:57:35] org.apache.tomcat.util.net.NioSelectorPool [179] - Using a shared selector for servlet write/read
[ INFO ] [2019-07-15 15:57:35] org.springframework.boot.context.embedded.tomcat.TomcatEmbeddedServletContainer [198] - Tomcat started on port(s): 8222 (http)
[ INFO ] [2019-07-15 15:57:35] com.chaos.app.Application [57] - Started Application in 8.094 seconds (JVM running for 8.97)
[ INFO ] [2019-07-15 15:57:40] org.springframework.jms.listener.DefaultMessageListenerContainer [863] - JMS message listener invoker needs to establish shared Connection
[ ERROR] [2019-07-15 15:57:41] org.springframework.jms.listener.DefaultMessageListenerContainer [947] - Could not refresh JMS Connection for destination 'aaa' - retrying using FixedBackOff{interval=5000, currentAttempts=0, maxAttempts=unlimited}. Cause: Could not connect to broker URL: tcp://127.0.0.1:61616. Reason: java.net.ConnectException: Connection refused: connect
[ ERROR] [2019-07-15 15:57:47] org.springframework.jms.listener.DefaultMessageListenerContainer [947] - Could not refresh JMS Connection for destination 'aaa' - retrying using FixedBackOff{interval=5000, currentAttempts=1, maxAttempts=unlimited}. Cause: Could not connect to broker URL: tcp://127.0.0.1:61616. Reason: java.net.ConnectException: Connection refused: connect
[ ERROR] [2019-07-15 15:57:53] org.springframework.jms.listener.DefaultMessageListenerContainer [947] - Could not refresh JMS Connection for destination 'aaa' - retrying using FixedBackOff{interval=5000, currentAttempts=2, maxAttempts=unlimited}. Cause: Could not connect to broker URL: tcp://127.0.0.1:61616. Reason: java.net.ConnectException: Connection refused: connect
[ ERROR] [2019-07-15 15:57:59] org.springframework.jms.listener.DefaultMessageListenerContainer [947] - Could not refresh JMS Connection for destination 'aaa' - retrying using FixedBackOff{interval=5000, currentAttempts=3, maxAttempts=unlimited}. Cause: Could not connect to broker URL: tcp://127.0.0.1:61616. Reason: java.net.ConnectException: Connection refused: connect
[ ERROR] [2019-07-15 15:58:05] org.springframework.jms.listener.DefaultMessageListenerContainer [947] - Could not refresh JMS Connection for destination 'aaa' - retrying using FixedBackOff{interval=5000, currentAttempts=4, maxAttempts=unlimited}. Cause: Could not connect to broker URL: tcp://127.0.0.1:61616. Reason: java.net.ConnectException: Connection refused: connect
[ ERROR] [2019-07-15 15:58:11] org.springframework.jms.listener.DefaultMessageListenerContainer [947] - Could not refresh JMS Connection for destination 'aaa' - retrying using FixedBackOff{interval=5000, currentAttempts=5, maxAttempts=unlimited}. Cause: Could not connect to broker URL: tcp://127.0.0.1:61616. Reason: java.net.ConnectException: Connection refused: connect
[ ERROR] [2019-07-15 15:58:17] org.springframework.jms.listener.DefaultMessageListenerContainer [947] - Could not refresh JMS Connection for destination 'aaa' - retrying using FixedBackOff{interval=5000, currentAttempts=6, maxAttempts=unlimited}. Cause: Could not connect to broker URL: tcp://127.0.0.1:61616. Reason: java.net.ConnectException: Connection refused: connect
[ ERROR] [2019-07-15 15:58:23] org.springframework.jms.listener.DefaultMessageListenerContainer [947] - Could not refresh JMS Connection for destination 'aaa' - retrying using FixedBackOff{interval=5000, currentAttempts=7, maxAttempts=unlimited}. Cause: Could not connect to broker URL: tcp://127.0.0.1:61616. Reason: java.net.ConnectException: Connection refused: connect
[ ERROR] [2019-07-15 15:58:29] org.springframework.jms.listener.DefaultMessageListenerContainer [947] - Could not refresh JMS Connection for destination 'aaa' - retrying using FixedBackOff{interval=5000, currentAttempts=8, maxAttempts=unlimited}. Cause: Could not connect to broker URL: tcp://127.0.0.1:61616. Reason: java.net.ConnectException: Connection refused: connect
[ ERROR] [2019-07-15 15:58:35] org.springframework.jms.listener.DefaultMessageListenerContainer [947] - Could not refresh JMS Connection for destination 'aaa' - retrying using FixedBackOff{interval=5000, currentAttempts=9, maxAttempts=unlimited}. Cause: Could not connect to broker URL: tcp://127.0.0.1:61616. Reason: java.net.ConnectException: Connection refused: connect
[ INFO ] [2019-07-15 15:58:36] org.apache.catalina.core.ContainerBase.[Tomcat].[localhost].[/] [179] - Initializing Spring FrameworkServlet 'dispatcherServlet'
[ INFO ] [2019-07-15 15:58:36] org.springframework.web.servlet.DispatcherServlet [489] - FrameworkServlet 'dispatcherServlet': initialization started
[ INFO ] [2019-07-15 15:58:36] org.springframework.web.servlet.DispatcherServlet [508] - FrameworkServlet 'dispatcherServlet': initialization completed in 21 ms
[ ERROR] [2019-07-15 15:58:41] org.springframework.jms.listener.DefaultMessageListenerContainer [947] - Could not refresh JMS Connection for destination 'aaa' - retrying using FixedBackOff{interval=5000, currentAttempts=10, maxAttempts=unlimited}. Cause: Could not connect to broker URL: tcp://127.0.0.1:61616. Reason: java.net.ConnectException: Connection refused: connect
[ ERROR] [2019-07-15 15:58:47] org.springframework.jms.listener.DefaultMessageListenerContainer [947] - Could not refresh JMS Connection for destination 'aaa' - retrying using FixedBackOff{interval=5000, currentAttempts=11, maxAttempts=unlimited}. Cause: Could not connect to broker URL: tcp://127.0.0.1:61616. Reason: java.net.ConnectException: Connection refused: connect
[ ERROR] [2019-07-15 15:58:53] org.springframework.jms.listener.DefaultMessageListenerContainer [947] - Could not refresh JMS Connection for destination 'aaa' - retrying using FixedBackOff{interval=5000, currentAttempts=12, maxAttempts=unlimited}. Cause: Could not connect to broker URL: tcp://127.0.0.1:61616. Reason: java.net.ConnectException: Connection refused: connect
[ ERROR] [2019-07-15 15:58:59] org.springframework.jms.listener.DefaultMessageListenerContainer [947] - Could not refresh JMS Connection for destination 'aaa' - retrying using FixedBackOff{interval=5000, currentAttempts=13, maxAttempts=unlimited}. Cause: Could not connect to broker URL: tcp://127.0.0.1:61616. Reason: java.net.ConnectException: Connection refused: connect
[ ERROR] [2019-07-15 15:59:05] org.springframework.jms.listener.DefaultMessageListenerContainer [947] - Could not refresh JMS Connection for destination 'aaa' - retrying using FixedBackOff{interval=5000, currentAttempts=14, maxAttempts=unlimited}. Cause: Could not connect to broker URL: tcp://127.0.0.1:61616. Reason: java.net.ConnectException: Connection refused: connect
[ ERROR] [2019-07-15 15:59:11] org.springframework.jms.listener.DefaultMessageListenerContainer [947] - Could not refresh JMS Connection for destination 'aaa' - retrying using FixedBackOff{interval=5000, currentAttempts=15, maxAttempts=unlimited}. Cause: Could not connect to broker URL: tcp://127.0.0.1:61616. Reason: java.net.ConnectException: Connection refused: connect
[ ERROR] [2019-07-15 15:59:17] org.springframework.jms.listener.DefaultMessageListenerContainer [947] - Could not refresh JMS Connection for destination 'aaa' - retrying using FixedBackOff{interval=5000, currentAttempts=16, maxAttempts=unlimited}. Cause: Could not connect to broker URL: tcp://127.0.0.1:61616. Reason: java.net.ConnectException: Connection refused: connect
[ ERROR] [2019-07-15 15:59:23] org.springframework.jms.listener.DefaultMessageListenerContainer [947] - Could not refresh JMS Connection for destination 'aaa' - retrying using FixedBackOff{interval=5000, currentAttempts=17, maxAttempts=unlimited}. Cause: Could not connect to broker URL: tcp://127.0.0.1:61616. Reason: java.net.ConnectException: Connection refused: connect
[ INFO ] [2019-07-15 15:59:34] com.chaos.app.Application [48] - Starting Application on USER-20170815QH with PID 6832 (D:\myProjects\chaos-springboot\chaos3583\chaos-web\target\classes started by Administrator in D:\myProjects\chaos-springboot\chaos3583)
[ INFO ] [2019-07-15 15:59:34] com.chaos.app.Application [637] - No active profile set, falling back to default profiles: default
[ INFO ] [2019-07-15 15:59:34] org.springframework.boot.context.embedded.AnnotationConfigEmbeddedWebApplicationContext [582] - Refreshing org.springframework.boot.context.embedded.AnnotationConfigEmbeddedWebApplicationContext@3116c353: startup date [Mon Jul 15 15:59:34 CST 2019]; root of context hierarchy
[ INFO ] [2019-07-15 15:59:35] org.hibernate.validator.internal.util.Version [30] - HV000001: Hibernate Validator 5.3.4.Final
[ INFO ] [2019-07-15 15:59:35] org.springframework.beans.factory.support.DefaultListableBeanFactory [828] - Overriding bean definition for bean 'dataSource' with a different definition: replacing [Root bean: class [null]; scope=; abstract=false; lazyInit=false; autowireMode=3; dependencyCheck=0; autowireCandidate=true; primary=true; factoryBeanName=druidDBConfig; factoryMethodName=dataSource; initMethodName=null; destroyMethodName=(inferred); defined in class path resource [com/chaos/configuration/DruidDBConfig.class]] with [Root bean: class [null]; scope=; abstract=false; lazyInit=false; autowireMode=3; dependencyCheck=0; autowireCandidate=true; primary=false; factoryBeanName=myBatisConfig; factoryMethodName=dataSource; initMethodName=null; destroyMethodName=(inferred); defined in class path resource [com/chaos/dao/config/MyBatisConfig.class]]
[ WARN ] [2019-07-15 15:59:35] org.mybatis.spring.mapper.ClassPathMapperScanner [158] - No MyBatis mapper was found in '[com.shawearn.demo.persistence]' package. Please check your configuration.
[ INFO ] [2019-07-15 15:59:36] org.springframework.context.support.PostProcessorRegistrationDelegate$BeanPostProcessorChecker [325] - Bean 'myBatisConfig' of type [com.chaos.dao.config.MyBatisConfig$$EnhancerBySpringCGLIB$$ce35650b] is not eligible for getting processed by all BeanPostProcessors (for example: not eligible for auto-proxying)
[ INFO ] [2019-07-15 15:59:36] org.springframework.context.support.PostProcessorRegistrationDelegate$BeanPostProcessorChecker [325] - Bean 'dataSource' of type [org.apache.tomcat.jdbc.pool.DataSource] is not eligible for getting processed by all BeanPostProcessors (for example: not eligible for auto-proxying)
[ INFO ] [2019-07-15 15:59:37] org.springframework.context.support.PostProcessorRegistrationDelegate$BeanPostProcessorChecker [325] - Bean 'sqlSessionFactory' of type [org.apache.ibatis.session.defaults.DefaultSqlSessionFactory] is not eligible for getting processed by all BeanPostProcessors (for example: not eligible for auto-proxying)
[ INFO ] [2019-07-15 15:59:37] org.springframework.context.support.PostProcessorRegistrationDelegate$BeanPostProcessorChecker [325] - Bean 'memberMapper' of type [org.mybatis.spring.mapper.MapperFactoryBean] is not eligible for getting processed by all BeanPostProcessors (for example: not eligible for auto-proxying)
[ INFO ] [2019-07-15 15:59:37] org.springframework.context.support.PostProcessorRegistrationDelegate$BeanPostProcessorChecker [325] - Bean 'IUserDao' of type [org.mybatis.spring.mapper.MapperFactoryBean] is not eligible for getting processed by all BeanPostProcessors (for example: not eligible for auto-proxying)
[ INFO ] [2019-07-15 15:59:37] org.springframework.context.support.PostProcessorRegistrationDelegate$BeanPostProcessorChecker [325] - Bean 'org.springframework.transaction.annotation.ProxyTransactionManagementConfiguration' of type [org.springframework.transaction.annotation.ProxyTransactionManagementConfiguration$$EnhancerBySpringCGLIB$$3d3d0b06] is not eligible for getting processed by all BeanPostProcessors (for example: not eligible for auto-proxying)
[ INFO ] [2019-07-15 15:59:37] org.springframework.boot.context.embedded.tomcat.TomcatEmbeddedServletContainer [89] - Tomcat initialized with port(s): 8222 (http)
[ INFO ] [2019-07-15 15:59:37] org.apache.catalina.core.StandardService [179] - Starting service Tomcat
[ INFO ] [2019-07-15 15:59:37] org.apache.catalina.core.StandardEngine [179] - Starting Servlet Engine: Apache Tomcat/8.5.11
[ INFO ] [2019-07-15 15:59:37] org.apache.catalina.core.ContainerBase.[Tomcat].[localhost].[/] [179] - Initializing Spring embedded WebApplicationContext
[ INFO ] [2019-07-15 15:59:37] org.springframework.web.context.ContextLoader [276] - Root WebApplicationContext: initialization completed in 3185 ms
[ INFO ] [2019-07-15 15:59:38] org.springframework.boot.web.servlet.ServletRegistrationBean [190] - Mapping servlet: 'dispatcherServlet' to [/]
[ INFO ] [2019-07-15 15:59:38] org.springframework.boot.web.servlet.FilterRegistrationBean [258] - Mapping filter: 'characterEncodingFilter' to: [/*]
[ INFO ] [2019-07-15 15:59:38] org.springframework.boot.web.servlet.FilterRegistrationBean [258] - Mapping filter: 'hiddenHttpMethodFilter' to: [/*]
[ INFO ] [2019-07-15 15:59:38] org.springframework.boot.web.servlet.FilterRegistrationBean [258] - Mapping filter: 'httpPutFormContentFilter' to: [/*]
[ INFO ] [2019-07-15 15:59:38] org.springframework.boot.web.servlet.FilterRegistrationBean [258] - Mapping filter: 'requestContextFilter' to: [/*]
[ INFO ] [2019-07-15 15:59:38] org.springframework.boot.web.servlet.FilterRegistrationBean [258] - Mapping filter: 'corsFilter' to: [/*]
[ INFO ] [2019-07-15 15:59:38] org.springframework.web.servlet.mvc.method.annotation.RequestMappingHandlerAdapter [534] - Looking for @ControllerAdvice: org.springframework.boot.context.embedded.AnnotationConfigEmbeddedWebApplicationContext@3116c353: startup date [Mon Jul 15 15:59:34 CST 2019]; root of context hierarchy
[ INFO ] [2019-07-15 15:59:38] org.springframework.web.servlet.mvc.method.annotation.RequestMappingHandlerMapping [543] - Mapped "{[/chaos/toImgJcrop]}" onto public org.springframework.web.servlet.ModelAndView com.chaos.controller.IndexController.toImgJcrop() throws java.lang.Exception
[ INFO ] [2019-07-15 15:59:38] org.springframework.web.servlet.mvc.method.annotation.RequestMappingHandlerMapping [543] - Mapped "{[/chaos/downModel]}" onto public java.lang.String com.chaos.controller.IndexController.downModel(javax.servlet.http.HttpServletRequest,javax.servlet.http.HttpServletResponse)
[ INFO ] [2019-07-15 15:59:38] org.springframework.web.servlet.mvc.method.annotation.RequestMappingHandlerMapping [543] - Mapped "{[/chaos/baojing]}" onto public void com.chaos.controller.IndexController.baojing()
[ INFO ] [2019-07-15 15:59:38] org.springframework.web.servlet.mvc.method.annotation.RequestMappingHandlerMapping [543] - Mapped "{[/chaos/index]}" onto public org.springframework.web.servlet.ModelAndView com.chaos.controller.IndexController.findMemberByMemberId() throws java.lang.Exception
[ INFO ] [2019-07-15 15:59:38] org.springframework.web.servlet.mvc.method.annotation.RequestMappingHandlerMapping [543] - Mapped "{[/member/export]}" onto public void com.chaos.controller.MemberController.export(javax.servlet.http.HttpServletRequest,javax.servlet.http.HttpServletResponse) throws java.lang.Exception
[ INFO ] [2019-07-15 15:59:38] org.springframework.web.servlet.mvc.method.annotation.RequestMappingHandlerMapping [543] - Mapped "{[/login]}" onto public java.lang.Integer com.chaos.controller.UserController.login(javax.servlet.http.HttpSession,com.chaos.model.User)
[ INFO ] [2019-07-15 15:59:38] org.springframework.web.servlet.mvc.method.annotation.RequestMappingHandlerMapping [543] - Mapped "{[/]}" onto public org.springframework.web.servlet.ModelAndView com.chaos.controller.UserController.findMemberByMemberId() throws java.lang.Exception
[ INFO ] [2019-07-15 15:59:38] org.springframework.web.servlet.mvc.method.annotation.RequestMappingHandlerMapping [543] - Mapped "{[/error]}" onto public org.springframework.http.ResponseEntity<java.util.Map<java.lang.String, java.lang.Object>> org.springframework.boot.autoconfigure.web.BasicErrorController.error(javax.servlet.http.HttpServletRequest)
[ INFO ] [2019-07-15 15:59:38] org.springframework.web.servlet.mvc.method.annotation.RequestMappingHandlerMapping [543] - Mapped "{[/error],produces=[text/html]}" onto public org.springframework.web.servlet.ModelAndView org.springframework.boot.autoconfigure.web.BasicErrorController.errorHtml(javax.servlet.http.HttpServletRequest,javax.servlet.http.HttpServletResponse)
[ INFO ] [2019-07-15 15:59:38] org.springframework.web.servlet.handler.SimpleUrlHandlerMapping [362] - Mapped URL path [/webjars/**] onto handler of type [class org.springframework.web.servlet.resource.ResourceHttpRequestHandler]
[ INFO ] [2019-07-15 15:59:38] org.springframework.web.servlet.handler.SimpleUrlHandlerMapping [362] - Mapped URL path [/**] onto handler of type [class org.springframework.web.servlet.resource.ResourceHttpRequestHandler]
[ INFO ] [2019-07-15 15:59:38] org.springframework.web.servlet.handler.SimpleUrlHandlerMapping [362] - Mapped URL path [/**/favicon.ico] onto handler of type [class org.springframework.web.servlet.resource.ResourceHttpRequestHandler]
[ INFO ] [2019-07-15 15:59:39] org.springframework.jmx.export.annotation.AnnotationMBeanExporter [431] - Registering beans for JMX exposure on startup
[ INFO ] [2019-07-15 15:59:39] org.springframework.context.support.DefaultLifecycleProcessor [343] - Starting beans in phase 2147483647
[ INFO ] [2019-07-15 15:59:40] org.apache.coyote.http11.Http11NioProtocol [179] - Initializing ProtocolHandler ["http-nio-8222"]
[ INFO ] [2019-07-15 15:59:40] org.apache.coyote.http11.Http11NioProtocol [179] - Starting ProtocolHandler [http-nio-8222]
[ INFO ] [2019-07-15 15:59:40] org.apache.tomcat.util.net.NioSelectorPool [179] - Using a shared selector for servlet write/read
[ INFO ] [2019-07-15 15:59:40] org.springframework.boot.context.embedded.tomcat.TomcatEmbeddedServletContainer [198] - Tomcat started on port(s): 8222 (http)
[ INFO ] [2019-07-15 15:59:40] com.chaos.app.Application [57] - Started Application in 6.986 seconds (JVM running for 7.906)
[ INFO ] [2019-07-15 15:59:45] org.springframework.jms.listener.DefaultMessageListenerContainer [863] - JMS message listener invoker needs to establish shared Connection
[ ERROR] [2019-07-15 15:59:46] org.springframework.jms.listener.DefaultMessageListenerContainer [947] - Could not refresh JMS Connection for destination 'aaa' - retrying using FixedBackOff{interval=5000, currentAttempts=0, maxAttempts=unlimited}. Cause: Could not connect to broker URL: tcp://127.0.0.1:61616. Reason: java.net.ConnectException: Connection refused: connect
[ ERROR] [2019-07-15 15:59:52] org.springframework.jms.listener.DefaultMessageListenerContainer [947] - Could not refresh JMS Connection for destination 'aaa' - retrying using FixedBackOff{interval=5000, currentAttempts=1, maxAttempts=unlimited}. Cause: Could not connect to broker URL: tcp://127.0.0.1:61616. Reason: java.net.ConnectException: Connection refused: connect
[ ERROR] [2019-07-15 15:59:58] org.springframework.jms.listener.DefaultMessageListenerContainer [947] - Could not refresh JMS Connection for destination 'aaa' - retrying using FixedBackOff{interval=5000, currentAttempts=2, maxAttempts=unlimited}. Cause: Could not connect to broker URL: tcp://127.0.0.1:61616. Reason: java.net.ConnectException: Connection refused: connect
[ ERROR] [2019-07-15 16:00:04] org.springframework.jms.listener.DefaultMessageListenerContainer [947] - Could not refresh JMS Connection for destination 'aaa' - retrying using FixedBackOff{interval=5000, currentAttempts=3, maxAttempts=unlimited}. Cause: Could not connect to broker URL: tcp://127.0.0.1:61616. Reason: java.net.ConnectException: Connection refused: connect
[ ERROR] [2019-07-15 16:00:10] org.springframework.jms.listener.DefaultMessageListenerContainer [947] - Could not refresh JMS Connection for destination 'aaa' - retrying using FixedBackOff{interval=5000, currentAttempts=4, maxAttempts=unlimited}. Cause: Could not connect to broker URL: tcp://127.0.0.1:61616. Reason: java.net.ConnectException: Connection refused: connect
[ ERROR] [2019-07-15 16:00:16] org.springframework.jms.listener.DefaultMessageListenerContainer [947] - Could not refresh JMS Connection for destination 'aaa' - retrying using FixedBackOff{interval=5000, currentAttempts=5, maxAttempts=unlimited}. Cause: Could not connect to broker URL: tcp://127.0.0.1:61616. Reason: java.net.ConnectException: Connection refused: connect
[ ERROR] [2019-07-15 16:00:22] org.springframework.jms.listener.DefaultMessageListenerContainer [947] - Could not refresh JMS Connection for destination 'aaa' - retrying using FixedBackOff{interval=5000, currentAttempts=6, maxAttempts=unlimited}. Cause: Could not connect to broker URL: tcp://127.0.0.1:61616. Reason: java.net.ConnectException: Connection refused: connect
[ ERROR] [2019-07-15 16:00:28] org.springframework.jms.listener.DefaultMessageListenerContainer [947] - Could not refresh JMS Connection for destination 'aaa' - retrying using FixedBackOff{interval=5000, currentAttempts=7, maxAttempts=unlimited}. Cause: Could not connect to broker URL: tcp://127.0.0.1:61616. Reason: java.net.ConnectException: Connection refused: connect
[ INFO ] [2019-07-15 16:00:29] org.apache.catalina.core.ContainerBase.[Tomcat].[localhost].[/] [179] - Initializing Spring FrameworkServlet 'dispatcherServlet'
[ INFO ] [2019-07-15 16:00:29] org.springframework.web.servlet.DispatcherServlet [489] - FrameworkServlet 'dispatcherServlet': initialization started
[ INFO ] [2019-07-15 16:00:29] org.springframework.web.servlet.DispatcherServlet [508] - FrameworkServlet 'dispatcherServlet': initialization completed in 17 ms
[ ERROR] [2019-07-15 16:00:34] org.springframework.jms.listener.DefaultMessageListenerContainer [947] - Could not refresh JMS Connection for destination 'aaa' - retrying using FixedBackOff{interval=5000, currentAttempts=8, maxAttempts=unlimited}. Cause: Could not connect to broker URL: tcp://127.0.0.1:61616. Reason: java.net.ConnectException: Connection refused: connect
[ ERROR] [2019-07-15 16:00:40] org.springframework.jms.listener.DefaultMessageListenerContainer [947] - Could not refresh JMS Connection for destination 'aaa' - retrying using FixedBackOff{interval=5000, currentAttempts=9, maxAttempts=unlimited}. Cause: Could not connect to broker URL: tcp://127.0.0.1:61616. Reason: java.net.ConnectException: Connection refused: connect
[ ERROR] [2019-07-15 16:00:46] org.springframework.jms.listener.DefaultMessageListenerContainer [947] - Could not refresh JMS Connection for destination 'aaa' - retrying using FixedBackOff{interval=5000, currentAttempts=10, maxAttempts=unlimited}. Cause: Could not connect to broker URL: tcp://127.0.0.1:61616. Reason: java.net.ConnectException: Connection refused: connect
[ ERROR] [2019-07-15 16:00:52] org.springframework.jms.listener.DefaultMessageListenerContainer [947] - Could not refresh JMS Connection for destination 'aaa' - retrying using FixedBackOff{interval=5000, currentAttempts=11, maxAttempts=unlimited}. Cause: Could not connect to broker URL: tcp://127.0.0.1:61616. Reason: java.net.ConnectException: Connection refused: connect
[ ERROR] [2019-07-15 16:00:58] org.springframework.jms.listener.DefaultMessageListenerContainer [947] - Could not refresh JMS Connection for destination 'aaa' - retrying using FixedBackOff{interval=5000, currentAttempts=12, maxAttempts=unlimited}. Cause: Could not connect to broker URL: tcp://127.0.0.1:61616. Reason: java.net.ConnectException: Connection refused: connect
[ ERROR] [2019-07-15 16:01:04] org.springframework.jms.listener.DefaultMessageListenerContainer [947] - Could not refresh JMS Connection for destination 'aaa' - retrying using FixedBackOff{interval=5000, currentAttempts=13, maxAttempts=unlimited}. Cause: Could not connect to broker URL: tcp://127.0.0.1:61616. Reason: java.net.ConnectException: Connection refused: connect
[ ERROR] [2019-07-15 16:01:10] org.springframework.jms.listener.DefaultMessageListenerContainer [947] - Could not refresh JMS Connection for destination 'aaa' - retrying using FixedBackOff{interval=5000, currentAttempts=14, maxAttempts=unlimited}. Cause: Could not connect to broker URL: tcp://127.0.0.1:61616. Reason: java.net.ConnectException: Connection refused: connect
[ ERROR] [2019-07-15 16:01:16] org.springframework.jms.listener.DefaultMessageListenerContainer [947] - Could not refresh JMS Connection for destination 'aaa' - retrying using FixedBackOff{interval=5000, currentAttempts=15, maxAttempts=unlimited}. Cause: Could not connect to broker URL: tcp://127.0.0.1:61616. Reason: java.net.ConnectException: Connection refused: connect
[ ERROR] [2019-07-15 16:01:22] org.springframework.jms.listener.DefaultMessageListenerContainer [947] - Could not refresh JMS Connection for destination 'aaa' - retrying using FixedBackOff{interval=5000, currentAttempts=16, maxAttempts=unlimited}. Cause: Could not connect to broker URL: tcp://127.0.0.1:61616. Reason: java.net.ConnectException: Connection refused: connect
[ ERROR] [2019-07-15 16:01:28] org.springframework.jms.listener.DefaultMessageListenerContainer [947] - Could not refresh JMS Connection for destination 'aaa' - retrying using FixedBackOff{interval=5000, currentAttempts=17, maxAttempts=unlimited}. Cause: Could not connect to broker URL: tcp://127.0.0.1:61616. Reason: java.net.ConnectException: Connection refused: connect
[ ERROR] [2019-07-15 16:01:34] org.springframework.jms.listener.DefaultMessageListenerContainer [947] - Could not refresh JMS Connection for destination 'aaa' - retrying using FixedBackOff{interval=5000, currentAttempts=18, maxAttempts=unlimited}. Cause: Could not connect to broker URL: tcp://127.0.0.1:61616. Reason: java.net.ConnectException: Connection refused: connect
[ ERROR] [2019-07-15 16:01:40] org.springframework.jms.listener.DefaultMessageListenerContainer [947] - Could not refresh JMS Connection for destination 'aaa' - retrying using FixedBackOff{interval=5000, currentAttempts=19, maxAttempts=unlimited}. Cause: Could not connect to broker URL: tcp://127.0.0.1:61616. Reason: java.net.ConnectException: Connection refused: connect
[ ERROR] [2019-07-15 16:01:46] org.springframework.jms.listener.DefaultMessageListenerContainer [947] - Could not refresh JMS Connection for destination 'aaa' - retrying using FixedBackOff{interval=5000, currentAttempts=20, maxAttempts=unlimited}. Cause: Could not connect to broker URL: tcp://127.0.0.1:61616. Reason: java.net.ConnectException: Connection refused: connect
[ ERROR] [2019-07-15 16:01:52] org.springframework.jms.listener.DefaultMessageListenerContainer [947] - Could not refresh JMS Connection for destination 'aaa' - retrying using FixedBackOff{interval=5000, currentAttempts=21, maxAttempts=unlimited}. Cause: Could not connect to broker URL: tcp://127.0.0.1:61616. Reason: java.net.ConnectException: Connection refused: connect
[ ERROR] [2019-07-15 16:01:58] org.springframework.jms.listener.DefaultMessageListenerContainer [947] - Could not refresh JMS Connection for destination 'aaa' - retrying using FixedBackOff{interval=5000, currentAttempts=22, maxAttempts=unlimited}. Cause: Could not connect to broker URL: tcp://127.0.0.1:61616. Reason: java.net.ConnectException: Connection refused: connect
[ ERROR] [2019-07-15 16:02:04] org.springframework.jms.listener.DefaultMessageListenerContainer [947] - Could not refresh JMS Connection for destination 'aaa' - retrying using FixedBackOff{interval=5000, currentAttempts=23, maxAttempts=unlimited}. Cause: Could not connect to broker URL: tcp://127.0.0.1:61616. Reason: java.net.ConnectException: Connection refused: connect
[ ERROR] [2019-07-15 16:02:10] org.springframework.jms.listener.DefaultMessageListenerContainer [947] - Could not refresh JMS Connection for destination 'aaa' - retrying using FixedBackOff{interval=5000, currentAttempts=24, maxAttempts=unlimited}. Cause: Could not connect to broker URL: tcp://127.0.0.1:61616. Reason: java.net.ConnectException: Connection refused: connect
[ ERROR] [2019-07-15 16:02:16] org.springframework.jms.listener.DefaultMessageListenerContainer [947] - Could not refresh JMS Connection for destination 'aaa' - retrying using FixedBackOff{interval=5000, currentAttempts=25, maxAttempts=unlimited}. Cause: Could not connect to broker URL: tcp://127.0.0.1:61616. Reason: java.net.ConnectException: Connection refused: connect
[ ERROR] [2019-07-15 16:02:22] org.springframework.jms.listener.DefaultMessageListenerContainer [947] - Could not refresh JMS Connection for destination 'aaa' - retrying using FixedBackOff{interval=5000, currentAttempts=26, maxAttempts=unlimited}. Cause: Could not connect to broker URL: tcp://127.0.0.1:61616. Reason: java.net.ConnectException: Connection refused: connect
[ ERROR] [2019-07-15 16:02:28] org.springframework.jms.listener.DefaultMessageListenerContainer [947] - Could not refresh JMS Connection for destination 'aaa' - retrying using FixedBackOff{interval=5000, currentAttempts=27, maxAttempts=unlimited}. Cause: Could not connect to broker URL: tcp://127.0.0.1:61616. Reason: java.net.ConnectException: Connection refused: connect
[ ERROR] [2019-07-15 16:02:34] org.springframework.jms.listener.DefaultMessageListenerContainer [947] - Could not refresh JMS Connection for destination 'aaa' - retrying using FixedBackOff{interval=5000, currentAttempts=28, maxAttempts=unlimited}. Cause: Could not connect to broker URL: tcp://127.0.0.1:61616. Reason: java.net.ConnectException: Connection refused: connect
[ ERROR] [2019-07-15 16:02:40] org.springframework.jms.listener.DefaultMessageListenerContainer [947] - Could not refresh JMS Connection for destination 'aaa' - retrying using FixedBackOff{interval=5000, currentAttempts=29, maxAttempts=unlimited}. Cause: Could not connect to broker URL: tcp://127.0.0.1:61616. Reason: java.net.ConnectException: Connection refused: connect
[ ERROR] [2019-07-15 16:02:46] org.springframework.jms.listener.DefaultMessageListenerContainer [947] - Could not refresh JMS Connection for destination 'aaa' - retrying using FixedBackOff{interval=5000, currentAttempts=30, maxAttempts=unlimited}. Cause: Could not connect to broker URL: tcp://127.0.0.1:61616. Reason: java.net.ConnectException: Connection refused: connect
[ ERROR] [2019-07-15 16:02:52] org.springframework.jms.listener.DefaultMessageListenerContainer [947] - Could not refresh JMS Connection for destination 'aaa' - retrying using FixedBackOff{interval=5000, currentAttempts=31, maxAttempts=unlimited}. Cause: Could not connect to broker URL: tcp://127.0.0.1:61616. Reason: java.net.ConnectException: Connection refused: connect
[ ERROR] [2019-07-15 16:02:58] org.springframework.jms.listener.DefaultMessageListenerContainer [947] - Could not refresh JMS Connection for destination 'aaa' - retrying using FixedBackOff{interval=5000, currentAttempts=32, maxAttempts=unlimited}. Cause: Could not connect to broker URL: tcp://127.0.0.1:61616. Reason: java.net.ConnectException: Connection refused: connect
[ ERROR] [2019-07-15 16:03:04] org.springframework.jms.listener.DefaultMessageListenerContainer [947] - Could not refresh JMS Connection for destination 'aaa' - retrying using FixedBackOff{interval=5000, currentAttempts=33, maxAttempts=unlimited}. Cause: Could not connect to broker URL: tcp://127.0.0.1:61616. Reason: java.net.ConnectException: Connection refused: connect
[ ERROR] [2019-07-15 16:03:10] org.springframework.jms.listener.DefaultMessageListenerContainer [947] - Could not refresh JMS Connection for destination 'aaa' - retrying using FixedBackOff{interval=5000, currentAttempts=34, maxAttempts=unlimited}. Cause: Could not connect to broker URL: tcp://127.0.0.1:61616. Reason: java.net.ConnectException: Connection refused: connect
[ ERROR] [2019-07-15 16:03:16] org.springframework.jms.listener.DefaultMessageListenerContainer [947] - Could not refresh JMS Connection for destination 'aaa' - retrying using FixedBackOff{interval=5000, currentAttempts=35, maxAttempts=unlimited}. Cause: Could not connect to broker URL: tcp://127.0.0.1:61616. Reason: java.net.ConnectException: Connection refused: connect
[ ERROR] [2019-07-15 16:03:22] org.springframework.jms.listener.DefaultMessageListenerContainer [947] - Could not refresh JMS Connection for destination 'aaa' - retrying using FixedBackOff{interval=5000, currentAttempts=36, maxAttempts=unlimited}. Cause: Could not connect to broker URL: tcp://127.0.0.1:61616. Reason: java.net.ConnectException: Connection refused: connect
[ ERROR] [2019-07-15 16:03:28] org.springframework.jms.listener.DefaultMessageListenerContainer [947] - Could not refresh JMS Connection for destination 'aaa' - retrying using FixedBackOff{interval=5000, currentAttempts=37, maxAttempts=unlimited}. Cause: Could not connect to broker URL: tcp://127.0.0.1:61616. Reason: java.net.ConnectException: Connection refused: connect
[ ERROR] [2019-07-15 16:03:34] org.springframework.jms.listener.DefaultMessageListenerContainer [947] - Could not refresh JMS Connection for destination 'aaa' - retrying using FixedBackOff{interval=5000, currentAttempts=38, maxAttempts=unlimited}. Cause: Could not connect to broker URL: tcp://127.0.0.1:61616. Reason: java.net.ConnectException: Connection refused: connect
[ ERROR] [2019-07-15 16:03:40] org.springframework.jms.listener.DefaultMessageListenerContainer [947] - Could not refresh JMS Connection for destination 'aaa' - retrying using FixedBackOff{interval=5000, currentAttempts=39, maxAttempts=unlimited}. Cause: Could not connect to broker URL: tcp://127.0.0.1:61616. Reason: java.net.ConnectException: Connection refused: connect
[ ERROR] [2019-07-15 16:03:46] org.springframework.jms.listener.DefaultMessageListenerContainer [947] - Could not refresh JMS Connection for destination 'aaa' - retrying using FixedBackOff{interval=5000, currentAttempts=40, maxAttempts=unlimited}. Cause: Could not connect to broker URL: tcp://127.0.0.1:61616. Reason: java.net.ConnectException: Connection refused: connect
[ ERROR] [2019-07-15 16:03:52] org.springframework.jms.listener.DefaultMessageListenerContainer [947] - Could not refresh JMS Connection for destination 'aaa' - retrying using FixedBackOff{interval=5000, currentAttempts=41, maxAttempts=unlimited}. Cause: Could not connect to broker URL: tcp://127.0.0.1:61616. Reason: java.net.ConnectException: Connection refused: connect
[ ERROR] [2019-07-15 16:03:58] org.springframework.jms.listener.DefaultMessageListenerContainer [947] - Could not refresh JMS Connection for destination 'aaa' - retrying using FixedBackOff{interval=5000, currentAttempts=42, maxAttempts=unlimited}. Cause: Could not connect to broker URL: tcp://127.0.0.1:61616. Reason: java.net.ConnectException: Connection refused: connect
[ ERROR] [2019-07-15 16:04:04] org.springframework.jms.listener.DefaultMessageListenerContainer [947] - Could not refresh JMS Connection for destination 'aaa' - retrying using FixedBackOff{interval=5000, currentAttempts=43, maxAttempts=unlimited}. Cause: Could not connect to broker URL: tcp://127.0.0.1:61616. Reason: java.net.ConnectException: Connection refused: connect
[ ERROR] [2019-07-15 16:04:10] org.springframework.jms.listener.DefaultMessageListenerContainer [947] - Could not refresh JMS Connection for destination 'aaa' - retrying using FixedBackOff{interval=5000, currentAttempts=44, maxAttempts=unlimited}. Cause: Could not connect to broker URL: tcp://127.0.0.1:61616. Reason: java.net.ConnectException: Connection refused: connect
[ ERROR] [2019-07-15 16:04:16] org.springframework.jms.listener.DefaultMessageListenerContainer [947] - Could not refresh JMS Connection for destination 'aaa' - retrying using FixedBackOff{interval=5000, currentAttempts=45, maxAttempts=unlimited}. Cause: Could not connect to broker URL: tcp://127.0.0.1:61616. Reason: java.net.ConnectException: Connection refused: connect
[ ERROR] [2019-07-15 16:04:22] org.springframework.jms.listener.DefaultMessageListenerContainer [947] - Could not refresh JMS Connection for destination 'aaa' - retrying using FixedBackOff{interval=5000, currentAttempts=46, maxAttempts=unlimited}. Cause: Could not connect to broker URL: tcp://127.0.0.1:61616. Reason: java.net.ConnectException: Connection refused: connect
[ ERROR] [2019-07-15 16:04:28] org.springframework.jms.listener.DefaultMessageListenerContainer [947] - Could not refresh JMS Connection for destination 'aaa' - retrying using FixedBackOff{interval=5000, currentAttempts=47, maxAttempts=unlimited}. Cause: Could not connect to broker URL: tcp://127.0.0.1:61616. Reason: java.net.ConnectException: Connection refused: connect
[ ERROR] [2019-07-15 16:04:34] org.springframework.jms.listener.DefaultMessageListenerContainer [947] - Could not refresh JMS Connection for destination 'aaa' - retrying using FixedBackOff{interval=5000, currentAttempts=48, maxAttempts=unlimited}. Cause: Could not connect to broker URL: tcp://127.0.0.1:61616. Reason: java.net.ConnectException: Connection refused: connect
[ ERROR] [2019-07-15 16:04:40] org.springframework.jms.listener.DefaultMessageListenerContainer [947] - Could not refresh JMS Connection for destination 'aaa' - retrying using FixedBackOff{interval=5000, currentAttempts=49, maxAttempts=unlimited}. Cause: Could not connect to broker URL: tcp://127.0.0.1:61616. Reason: java.net.ConnectException: Connection refused: connect
[ ERROR] [2019-07-15 16:04:46] org.springframework.jms.listener.DefaultMessageListenerContainer [947] - Could not refresh JMS Connection for destination 'aaa' - retrying using FixedBackOff{interval=5000, currentAttempts=50, maxAttempts=unlimited}. Cause: Could not connect to broker URL: tcp://127.0.0.1:61616. Reason: java.net.ConnectException: Connection refused: connect
[ ERROR] [2019-07-15 16:04:52] org.springframework.jms.listener.DefaultMessageListenerContainer [947] - Could not refresh JMS Connection for destination 'aaa' - retrying using FixedBackOff{interval=5000, currentAttempts=51, maxAttempts=unlimited}. Cause: Could not connect to broker URL: tcp://127.0.0.1:61616. Reason: java.net.ConnectException: Connection refused: connect
[ ERROR] [2019-07-15 16:04:58] org.springframework.jms.listener.DefaultMessageListenerContainer [947] - Could not refresh JMS Connection for destination 'aaa' - retrying using FixedBackOff{interval=5000, currentAttempts=52, maxAttempts=unlimited}. Cause: Could not connect to broker URL: tcp://127.0.0.1:61616. Reason: java.net.ConnectException: Connection refused: connect
[ ERROR] [2019-07-15 16:05:04] org.springframework.jms.listener.DefaultMessageListenerContainer [947] - Could not refresh JMS Connection for destination 'aaa' - retrying using FixedBackOff{interval=5000, currentAttempts=53, maxAttempts=unlimited}. Cause: Could not connect to broker URL: tcp://127.0.0.1:61616. Reason: java.net.ConnectException: Connection refused: connect
[ ERROR] [2019-07-15 16:05:10] org.springframework.jms.listener.DefaultMessageListenerContainer [947] - Could not refresh JMS Connection for destination 'aaa' - retrying using FixedBackOff{interval=5000, currentAttempts=54, maxAttempts=unlimited}. Cause: Could not connect to broker URL: tcp://127.0.0.1:61616. Reason: java.net.ConnectException: Connection refused: connect
[ ERROR] [2019-07-15 16:05:16] org.springframework.jms.listener.DefaultMessageListenerContainer [947] - Could not refresh JMS Connection for destination 'aaa' - retrying using FixedBackOff{interval=5000, currentAttempts=55, maxAttempts=unlimited}. Cause: Could not connect to broker URL: tcp://127.0.0.1:61616. Reason: java.net.ConnectException: Connection refused: connect
[ ERROR] [2019-07-15 16:05:22] org.springframework.jms.listener.DefaultMessageListenerContainer [947] - Could not refresh JMS Connection for destination 'aaa' - retrying using FixedBackOff{interval=5000, currentAttempts=56, maxAttempts=unlimited}. Cause: Could not connect to broker URL: tcp://127.0.0.1:61616. Reason: java.net.ConnectException: Connection refused: connect
[ ERROR] [2019-07-15 16:05:28] org.springframework.jms.listener.DefaultMessageListenerContainer [947] - Could not refresh JMS Connection for destination 'aaa' - retrying using FixedBackOff{interval=5000, currentAttempts=57, maxAttempts=unlimited}. Cause: Could not connect to broker URL: tcp://127.0.0.1:61616. Reason: java.net.ConnectException: Connection refused: connect
[ ERROR] [2019-07-15 16:05:35] org.springframework.jms.listener.DefaultMessageListenerContainer [947] - Could not refresh JMS Connection for destination 'aaa' - retrying using FixedBackOff{interval=5000, currentAttempts=58, maxAttempts=unlimited}. Cause: Could not connect to broker URL: tcp://127.0.0.1:61616. Reason: java.net.ConnectException: Connection refused: connect
